70292|2|1537449020.667:0.009| |   |server.js|76|null|# RUNNING [PID:70292]
70292|3|1537449020.668:0.001| |   |server.js|77|null|###############################################
70292|1|1537449020.658:0.000| |   |server.js|75|null|###############################################
70292|4|1537449021.361:0.693| |   |server.js|86|null|# WORKER [PID:53860] ONLINE
70292|5|1537449021.378:0.017| |   |server.js|86|null|# WORKER [PID:67612] ONLINE
70292|6|1537449021.483:0.105| |   |server.js|86|null|# WORKER [PID:60004] ONLINE
70292|7|1537449021.651:0.168| |   |server.js|86|null|# WORKER [PID:47204] ONLINE
53860|3|1537449021.630:0.000| |   |server.js|99|null|-----------------------------------------------
53860|2|1537449021.630:0.012| |   |server.js|98|null|- Running [PID:53860]
53860|1|1537449021.618:0.000| |   |server.js|97|null|-----------------------------------------------
53860|4|1537449021.749:0.119| |   |socket_server.js|104|module.exports.runServer|SERVER RUNNING AT PORT: 8080
67612|1|1537449021.650:0.000| |   |server.js|97|null|-----------------------------------------------
67612|3|1537449021.718:0.001| |   |server.js|99|null|-----------------------------------------------
67612|2|1537449021.717:0.067| |   |server.js|98|null|- Running [PID:67612]
67612|4|1537449021.897:0.179| |   |socket_server.js|104|module.exports.runServer|SERVER RUNNING AT PORT: 8080
60004|2|1537449021.922:0.075| |   |server.js|98|null|- Running [PID:60004]
60004|3|1537449021.922:0.000| |   |server.js|99|null|-----------------------------------------------
60004|1|1537449021.847:0.000| |   |server.js|97|null|-----------------------------------------------
60004|4|1537449021.943:0.021| |   |socket_server.js|104|module.exports.runServer|SERVER RUNNING AT PORT: 8080
47204|2|1537449022.014:0.022| |   |server.js|98|null|- Running [PID:47204]
47204|3|1537449022.015:0.001| |   |server.js|99|null|-----------------------------------------------
47204|1|1537449021.992:0.000| |   |server.js|97|null|-----------------------------------------------
47204|4|1537449022.035:0.020| |   |socket_server.js|104|module.exports.runServer|SERVER RUNNING AT PORT: 8080
72620|1|1537449058.968:0.000| |   |server.js|75|null|###############################################
72620|2|1537449058.979:0.011| |   |server.js|76|null|# RUNNING [PID:72620]
72620|3|1537449058.980:0.001| |   |server.js|77|null|###############################################
72620|4|1537449059.651:0.671| |   |server.js|86|null|# WORKER [PID:72220] ONLINE
72620|5|1537449059.760:0.109| |   |server.js|86|null|# WORKER [PID:70056] ONLINE
72620|6|1537449059.778:0.018| |   |server.js|86|null|# WORKER [PID:71704] ONLINE
72620|7|1537449059.862:0.084| |   |server.js|86|null|# WORKER [PID:2468] ONLINE
72220|2|1537449059.868:0.012| |   |server.js|98|null|- Running [PID:72220]
72220|3|1537449059.868:0.000| |   |server.js|99|null|-----------------------------------------------
72220|1|1537449059.856:0.000| |   |server.js|97|null|-----------------------------------------------
72220|4|1537449059.931:0.063| |   |socket_server.js|104|module.exports.runServer|SERVER RUNNING AT PORT: 8080
70056|2|1537449060.148:0.067| |   |server.js|98|null|- Running [PID:70056]
70056|3|1537449060.149:0.001| |   |server.js|99|null|-----------------------------------------------
70056|1|1537449060.081:0.000| |   |server.js|97|null|-----------------------------------------------
70056|4|1537449060.171:0.022| |   |socket_server.js|104|module.exports.runServer|SERVER RUNNING AT PORT: 8080
2468|3|1537449060.193:0.001| |   |server.js|99|null|-----------------------------------------------
2468|2|1537449060.192:0.015| |   |server.js|98|null|- Running [PID:2468]
2468|1|1537449060.177:0.000| |   |server.js|97|null|-----------------------------------------------
2468|4|1537449060.231:0.038| |   |socket_server.js|104|module.exports.runServer|SERVER RUNNING AT PORT: 8080
71704|2|1537449060.218:0.077| |   |server.js|98|null|- Running [PID:71704]
71704|1|1537449060.141:0.000| |   |server.js|97|null|-----------------------------------------------
71704|4|1537449060.235:0.016| |   |socket_server.js|104|module.exports.runServer|SERVER RUNNING AT PORT: 8080
71704|3|1537449060.219:0.001| |   |server.js|99|null|-----------------------------------------------
71704|5|1537449066.464:6.229| |   |socket_server.js|80|null|[SERVER] onAccepted [::1:64555]
71704|6|1537449066.469:0.005| |   |socket_server.js|45|onServerAccepted|####################################################################
71704|7|1537449066.471:0.002| |   |socket_server.js|46|onServerAccepted|[CLIENT] undefined
71704|8|1537449066.471:0.000| |   |socket_server.js|47|onServerAccepted|####################################################################
71704|10|1537449066.476:0.004| |   |socket_server.js|34|onServerRecvAfter|RECEIVED URL: /advert/htmlBanner/getBanner
71704|9|1537449066.472:0.001| |   |socket_server.js|50|onServerAccepted|[METHOD]: POST
71704|11|1537449066.491:0.015| |   |socket_server.js|86|null|[SOCKET] onClosed [::1:64555]
71704|12|1537449105.701:39.210| |   |socket_server.js|80|null|[SERVER] onAccepted [::1:64612]
71704|13|1537449105.703:0.002| |   |socket_server.js|45|onServerAccepted|####################################################################
71704|14|1537449105.703:0.000| |   |socket_server.js|46|onServerAccepted|[CLIENT] undefined
71704|16|1537449105.704:0.001| |   |socket_server.js|50|onServerAccepted|[METHOD]: POST
71704|17|1537449105.704:0.000| |   |socket_server.js|34|onServerRecvAfter|RECEIVED URL: /advert/htmlBanner/
71704|15|1537449105.703:0.000| |   |socket_server.js|47|onServerAccepted|####################################################################
71704|18|1537449105.708:0.004| |   |socket_server.js|86|null|[SOCKET] onClosed [::1:64612]
71704|19|1537449109.830:4.122| |   |socket_server.js|80|null|[SERVER] onAccepted [::1:64619]
71704|21|1537449109.831:0.001| |   |socket_server.js|46|onServerAccepted|[CLIENT] undefined
71704|22|1537449109.831:0.000| |   |socket_server.js|47|onServerAccepted|####################################################################
71704|20|1537449109.830:0.000| |   |socket_server.js|45|onServerAccepted|####################################################################
71704|23|1537449109.831:0.000| |   |socket_server.js|50|onServerAccepted|[METHOD]: POST
71704|24|1537449109.832:0.001| |   |socket_server.js|34|onServerRecvAfter|RECEIVED URL: /advedfdsrt/htmlBanner/
71704|25|1537449109.833:0.001| |   |socket_server.js|86|null|[SOCKET] onClosed [::1:64619]
71704|26|1537449115.115:5.282| |   |socket_server.js|80|null|[SERVER] onAccepted [::1:64626]
71704|28|1537449115.116:0.001| |   |socket_server.js|46|onServerAccepted|[CLIENT] undefined
71704|27|1537449115.115:0.000| |   |socket_server.js|45|onServerAccepted|####################################################################
71704|29|1537449115.116:0.000| |   |socket_server.js|47|onServerAccepted|####################################################################
71704|30|1537449115.116:0.000| |   |socket_server.js|50|onServerAccepted|[METHOD]: POST
71704|31|1537449115.117:0.001| |   |socket_server.js|34|onServerRecvAfter|RECEIVED URL: /
71704|32|1537449115.118:0.001| |   |socket_server.js|86|null|[SOCKET] onClosed [::1:64626]
71704|33|1537449118.162:3.044| |   |socket_server.js|80|null|[SERVER] onAccepted [::1:64629]
71704|34|1537449118.162:0.000| |   |socket_server.js|45|onServerAccepted|####################################################################
71704|35|1537449118.162:0.000| |   |socket_server.js|46|onServerAccepted|[CLIENT] undefined
71704|36|1537449118.163:0.001| |   |socket_server.js|47|onServerAccepted|####################################################################
71704|38|1537449118.163:0.000| |   |socket_server.js|34|onServerRecvAfter|RECEIVED URL: /dsfasdfsda
71704|37|1537449118.163:0.000| |   |socket_server.js|50|onServerAccepted|[METHOD]: POST
71704|39|1537449118.165:0.002| |   |socket_server.js|86|null|[SOCKET] onClosed [::1:64629]
71704|40|1537449136.387:18.222| |   |socket_server.js|80|null|[SERVER] onAccepted [::1:64654]
71704|42|1537449136.387:0.000| |   |socket_server.js|46|onServerAccepted|[CLIENT] undefined
71704|41|1537449136.387:0.000| |   |socket_server.js|45|onServerAccepted|####################################################################
71704|43|1537449136.388:0.001| |   |socket_server.js|47|onServerAccepted|####################################################################
71704|45|1537449136.389:0.001| |   |socket_server.js|34|onServerRecvAfter|RECEIVED URL: /advert/htmlBanner/getBanner
71704|44|1537449136.388:0.000| |   |socket_server.js|50|onServerAccepted|[METHOD]: POST
71704|46|1537449136.393:0.004| |   |socket_server.js|86|null|[SOCKET] onClosed [::1:64654]
71704|47|1537449138.842:2.449| |   |socket_server.js|80|null|[SERVER] onAccepted [::1:64659]
71704|48|1537449138.843:0.001| |   |socket_server.js|45|onServerAccepted|####################################################################
71704|50|1537449138.843:0.000| |   |socket_server.js|47|onServerAccepted|####################################################################
71704|49|1537449138.843:0.000| |   |socket_server.js|46|onServerAccepted|[CLIENT] undefined
71704|52|1537449138.847:0.004| |   |socket_server.js|34|onServerRecvAfter|RECEIVED URL: /advert/htmlBanner/getBannerd
71704|51|1537449138.843:0.000| |   |socket_server.js|50|onServerAccepted|[METHOD]: POST
71704|53|1537449138.849:0.002| |   |socket_server.js|86|null|[SOCKET] onClosed [::1:64659]
